TN:
SF:src/index.ts
FN:16,(anonymous_0)
FN:18,(anonymous_1)
FN:19,(anonymous_2)
FN:27,(anonymous_3)
FNF:4
FNH:4
FNDA:8,(anonymous_0)
FNDA:8,(anonymous_1)
FNDA:28,(anonymous_2)
FNDA:56,(anonymous_3)
DA:16,1
DA:17,8
DA:18,8
DA:19,8
DA:20,28
DA:26,14
DA:27,14
DA:28,56
DA:29,19
DA:30,19
DA:31,19
DA:32,9
DA:33,9
DA:35,10
DA:36,10
DA:37,10
DA:41,37
LF:17
LH:17
BRDA:16,0,0,0
BRDA:17,1,0,7
BRDA:17,2,0,7
BRDA:20,3,0,14
BRDA:20,3,1,14
BRDA:20,4,0,28
BRDA:20,4,1,22
BRDA:28,5,0,19
BRDA:28,5,1,37
BRDA:28,6,0,56
BRDA:28,6,1,54
BRDA:31,7,0,9
BRDA:31,7,1,10
BRDA:35,8,0,10
BRDA:35,8,1,0
BRF:15
BRH:13
end_of_record
