TN:
SF:src/index.ts
FN:16,(anonymous_0)
FN:18,(anonymous_1)
FN:19,(anonymous_2)
FN:21,(anonymous_3)
FN:22,(anonymous_4)
FN:24,(anonymous_5)
FNF:6
FNH:6
FNDA:6,(anonymous_0)
FNDA:6,(anonymous_1)
FNDA:24,(anonymous_2)
FNDA:15,(anonymous_3)
FNDA:30,(anonymous_4)
FNDA:29,(anonymous_5)
DA:16,1
DA:17,6
DA:18,6
DA:19,6
DA:20,24
DA:21,15
DA:22,30
DA:23,11
DA:24,29
LF:9
LH:9
BRDA:16,0,0,0
BRDA:17,1,0,6
BRDA:17,2,0,6
BRDA:20,3,0,11
BRDA:20,3,1,13
BRDA:20,4,0,24
BRDA:20,4,1,19
BRDA:21,5,0,15
BRDA:21,5,1,7
BRDA:22,6,0,30
BRDA:22,6,1,12
BRDA:23,7,0,5
BRDA:23,7,1,6
BRDA:23,8,0,11
BRDA:23,8,1,6
BRDA:24,9,0,29
BRDA:24,9,1,26
BRF:17
BRH:16
end_of_record
